Release 14.7 - xst P.20131013 (nt64)
Copyright (c) 1995-2013 Xilinx, Inc.  All rights reserved.
--> Parameter TMPDIR set to xst/projnav.tmp


Total REAL time to Xst completion: 0.00 secs
Total CPU time to Xst completion: 0.07 secs
 
--> Parameter xsthdpdir set to xst


Total REAL time to Xst completion: 0.00 secs
Total CPU time to Xst completion: 0.07 secs
 
--> Reading design: top.prj

TABLE OF CONTENTS
  1) Synthesis Options Summary
  2) HDL Parsing
  3) HDL Elaboration
  4) HDL Synthesis
       4.1) HDL Synthesis Report
  5) Advanced HDL Synthesis
       5.1) Advanced HDL Synthesis Report
  6) Low Level Synthesis
  7) Partition Report
  8) Design Summary
       8.1) Primitive and Black Box Usage
       8.2) Device utilization summary
       8.3) Partition Resource Summary
       8.4) Timing Report
            8.4.1) Clock Information
            8.4.2) Asynchronous Control Signals Information
            8.4.3) Timing Summary
            8.4.4) Timing Details
            8.4.5) Cross Clock Domains Report


=========================================================================
*                      Synthesis Options Summary                        *
=========================================================================
---- Source Parameters
Input File Name                    : "top.prj"
Ignore Synthesis Constraint File   : NO

---- Target Parameters
Output File Name                   : "top"
Output Format                      : NGC
Target Device                      : xc7a100t-3-csg324

---- Source Options
Top Module Name                    : top
Automatic FSM Extraction           : YES
FSM Encoding Algorithm             : Auto
Safe Implementation                : No
FSM Style                          : LUT
RAM Extraction                     : Yes
RAM Style                          : Auto
ROM Extraction                     : Yes
Shift Register Extraction          : YES
ROM Style                          : Auto
Resource Sharing                   : YES
Asynchronous To Synchronous        : NO
Shift Register Minimum Size        : 2
Use DSP Block                      : Auto
Automatic Register Balancing       : No

---- Target Options
LUT Combining                      : Auto
Reduce Control Sets                : Auto
Add IO Buffers                     : YES
Global Maximum Fanout              : 100000
Add Generic Clock Buffer(BUFG)     : 32
Register Duplication               : YES
Optimize Instantiated Primitives   : NO
Use Clock Enable                   : Auto
Use Synchronous Set                : Auto
Use Synchronous Reset              : Auto
Pack IO Registers into IOBs        : Auto
Equivalent register Removal        : YES

---- General Options
Optimization Goal                  : Speed
Optimization Effort                : 1
Power Reduction                    : NO
Keep Hierarchy                     : No
Netlist Hierarchy                  : As_Optimized
RTL Output                         : Yes
Global Optimization                : AllClockNets
Read Cores                         : YES
Write Timing Constraints           : NO
Cross Clock Analysis               : NO
Hierarchy Separator                : /
Bus Delimiter                      : <>
Case Specifier                     : Maintain
Slice Utilization Ratio            : 100
BRAM Utilization Ratio             : 100
DSP48 Utilization Ratio            : 100
Auto BRAM Packing                  : NO
Slice Utilization Ratio Delta      : 5

=========================================================================


=========================================================================
*                          HDL Parsing                                  *
=========================================================================
Parsing VHDL file "C:\ise-vhdl\Lab6_son\Lab6\seven_four.vhd" into library work
Parsing entity <seven_four>.
Parsing architecture <Behavioral> of entity <seven_four>.
Parsing VHDL file "C:\ise-vhdl\Lab6_son\Lab6\converter.vhd" into library work
Parsing entity <converter>.
Parsing architecture <Behavioral> of entity <converter>.
Parsing VHDL file "C:\ise-vhdl\Lab6_son\Lab6\top.vhd" into library work
Parsing entity <top>.
Parsing architecture <Behavioral> of entity <top>.

=========================================================================
*                            HDL Elaboration                            *
=========================================================================

Elaborating entity <top> (architecture <Behavioral>) from library <work>.

Elaborating entity <converter> (architecture <Behavioral>) from library <work>.

Elaborating entity <seven_four> (architecture <Behavioral>) from library <work>.

=========================================================================
*                           HDL Synthesis                               *
=========================================================================

Synthesizing Unit <top>.
    Related source file is "C:\ise-vhdl\Lab6_son\Lab6\top.vhd".
    Found 8-bit register for signal <reg>.
    Summary:
	inferred   8 D-type flip-flop(s).
	inferred   1 Multiplexer(s).
Unit <top> synthesized.

Synthesizing Unit <converter>.
    Related source file is "C:\ise-vhdl\Lab6_son\Lab6\converter.vhd".
    Found 1-bit register for signal <Clk_mod>.
    Found 32-bit register for signal <counter>.
    Found 32-bit adder for signal <counter[31]_GND_5_o_add_7_OUT> created at line 46.
    Found 32-bit comparator greater for signal <divide[31]_counter[31]_LessThan_4_o> created at line 42
    Found 32-bit comparator greater for signal <divide[31]_counter[31]_LessThan_7_o> created at line 45
    Summary:
	inferred   1 Adder/Subtractor(s).
	inferred  33 D-type flip-flop(s).
	inferred   2 Comparator(s).
Unit <converter> synthesized.

Synthesizing Unit <seven_four>.
    Related source file is "C:\ise-vhdl\Lab6_son\Lab6\seven_four.vhd".
    Found 4-bit register for signal <sel>.
    Found 7-bit register for signal <segment>.
    Summary:
	inferred  11 D-type flip-flop(s).
Unit <seven_four> synthesized.

=========================================================================
HDL Synthesis Report

Macro Statistics
# Adders/Subtractors                                   : 1
 32-bit adder                                          : 1
# Registers                                            : 5
 1-bit register                                        : 1
 32-bit register                                       : 1
 4-bit register                                        : 1
 7-bit register                                        : 1
 8-bit register                                        : 1
# Comparators                                          : 2
 32-bit comparator greater                             : 2
# Multiplexers                                         : 1
 8-bit 2-to-1 multiplexer                              : 1

=========================================================================

=========================================================================
*                       Advanced HDL Synthesis                          *
=========================================================================


Synthesizing (advanced) Unit <converter>.
The following registers are absorbed into counter <counter>: 1 register on signal <counter>.
Unit <converter> synthesized (advanced).

=========================================================================
Advanced HDL Synthesis Report

Macro Statistics
# Counters                                             : 1
 32-bit up counter                                     : 1
# Registers                                            : 20
 Flip-Flops                                            : 20
# Comparators                                          : 2
 32-bit comparator greater                             : 2
# Multiplexers                                         : 1
 8-bit 2-to-1 multiplexer                              : 1

=========================================================================

=========================================================================
*                         Low Level Synthesis                           *
=========================================================================

Optimizing unit <top> ...

Optimizing unit <seven_four> ...
WARNING:Xst:1293 - FF/Latch <clockDivider/counter_27> has a constant value of 0 in block <top>. This FF/Latch will be trimmed during the optimization process.
WARNING:Xst:1896 - Due to other FF/Latch trimming, FF/Latch <clockDivider/counter_28> has a constant value of 0 in block <top>. This FF/Latch will be trimmed during the optimization process.
WARNING:Xst:1896 - Due to other FF/Latch trimming, FF/Latch <clockDivider/counter_29> has a constant value of 0 in block <top>. This FF/Latch will be trimmed during the optimization process.
WARNING:Xst:1896 - Due to other FF/Latch trimming, FF/Latch <clockDivider/counter_30> has a constant value of 0 in block <top>. This FF/Latch will be trimmed during the optimization process.
WARNING:Xst:1896 - Due to other FF/Latch trimming, FF/Latch <clockDivider/counter_31> has a constant value of 0 in block <top>. This FF/Latch will be trimmed during the optimization process.

Mapping all equations...
Building and optimizing final netlist ...
Found area constraint ratio of 100 (+ 5) on block top, actual ratio is 0.

Final Macro Processing ...

=========================================================================
Final Register Report

Macro Statistics
# Registers                                            : 47
 Flip-Flops                                            : 47

=========================================================================

=========================================================================
*                           Partition Report                            *
=========================================================================

Partition Implementation Status
-------------------------------

  No Partitions were found in this design.

-------------------------------

=========================================================================
*                            Design Summary                             *
=========================================================================

Top Level Output File Name         : top.ngc

Primitive and Black Box Usage:
------------------------------
# BELS                             : 167
#      GND                         : 1
#      INV                         : 1
#      LUT1                        : 26
#      LUT2                        : 5
#      LUT3                        : 40
#      LUT4                        : 3
#      LUT5                        : 14
#      LUT6                        : 9
#      MUXCY                       : 40
#      VCC                         : 1
#      XORCY                       : 27
# FlipFlops/Latches                : 47
#      FD                          : 39
#      FDCE                        : 7
#      FDPE                        : 1
# Clock Buffers                    : 1
#      BUFGP                       : 1
# IO Buffers                       : 19
#      IBUF                        : 3
#      OBUF                        : 16

Device utilization summary:
---------------------------

Selected Device : 7a100tcsg324-3 


Slice Logic Utilization: 
 Number of Slice Registers:              36  out of  126800     0%  
 Number of Slice LUTs:                   98  out of  63400     0%  
    Number used as Logic:                98  out of  63400     0%  

Slice Logic Distribution: 
 Number of LUT Flip Flop pairs used:     98
   Number with an unused Flip Flop:      62  out of     98    63%  
   Number with an unused LUT:             0  out of     98     0%  
   Number of fully used LUT-FF pairs:    36  out of     98    36%  
   Number of unique control sets:         2

IO Utilization: 
 Number of IOs:                          20
 Number of bonded IOBs:                  20  out of    210     9%  
    IOB Flip Flops/Latches:              11

Specific Feature Utilization:
 Number of BUFG/BUFGCTRLs:                1  out of     32     3%  

---------------------------
Partition Resource Summary:
---------------------------

  No Partitions were found in this design.

---------------------------


=========================================================================
Timing Report

NOTE: THESE TIMING NUMBERS ARE ONLY A SYNTHESIS ESTIMATE.
      FOR ACCURATE TIMING INFORMATION PLEASE REFER TO THE TRACE REPORT
      GENERATED AFTER PLACE-and-ROUTE.

Clock Information:
------------------
-----------------------------------+------------------------+-------+
Clock Signal                       | Clock buffer(FF name)  | Load  |
-----------------------------------+------------------------+-------+
clockDivider/Clk_mod               | NONE(reg_0)            | 8     |
clk                                | BUFGP                  | 39    |
-----------------------------------+------------------------+-------+
INFO:Xst:2169 - HDL ADVISOR - Some clock signals were not automatically buffered by XST with BUFG/BUFR resources. Please use the buffer_type constraint in order to insert these buffers to the clock signals to help prevent skew problems.

Asynchronous Control Signals Information:
----------------------------------------
No asynchronous control signals found in this design

Timing Summary:
---------------
Speed Grade: -3

   Minimum period: 2.608ns (Maximum Frequency: 383.377MHz)
   Minimum input arrival time before clock: 0.661ns
   Maximum output required time after clock: 0.640ns
   Maximum combinational path delay: No path found

Timing Details:
---------------
All values displayed in nanoseconds (ns)

=========================================================================
Timing constraint: Default period analysis for Clock 'clockDivider/Clk_mod'
  Clock period: 0.901ns (frequency: 1109.508MHz)
  Total number of paths / destination ports: 16 / 8
-------------------------------------------------------------------------
Delay:               0.901ns (Levels of Logic = 1)
  Source:            reg_1 (FF)
  Destination:       reg_0 (FF)
  Source Clock:      clockDivider/Clk_mod rising
  Destination Clock: clockDivider/Clk_mod rising

  Data Path: reg_1 to reg_0
                                Gate     Net
    Cell:in->out      fanout   Delay   Delay  Logical Name (Net Name)
    ----------------------------------------  ------------
     FDCE:C->Q            13   0.361   0.435  reg_1 (reg_1)
     LUT3:I1->O            1   0.097   0.000  Mmux_reg_next11 (reg_next<0>)
     FDPE:D                    0.008          reg_0
    ----------------------------------------
    Total                      0.901ns (0.466ns logic, 0.435ns route)
                                       (51.7% logic, 48.3% route)

=========================================================================
Timing constraint: Default period analysis for Clock 'clk'
  Clock period: 2.608ns (frequency: 383.377MHz)
  Total number of paths / destination ports: 2618 / 28
-------------------------------------------------------------------------
Delay:               2.608ns (Levels of Logic = 26)
  Source:            clockDivider/counter_0 (FF)
  Destination:       clockDivider/counter_23 (FF)
  Source Clock:      clk rising
  Destination Clock: clk rising

  Data Path: clockDivider/counter_0 to clockDivider/counter_23
                                Gate     Net
    Cell:in->out      fanout   Delay   Delay  Logical Name (Net Name)
    ----------------------------------------  ------------
     FD:C->Q               3   0.361   0.289  clockDivider/counter_0 (clockDivider/counter_0)
     INV:I->O              1   0.113   0.000  clockDivider/Mcount_counter_lut<0>_INV_0 (clockDivider/Mcount_counter_lut<0>)
     MUXCY:S->O            1   0.353   0.000  clockDivider/Mcount_counter_cy<0> (clockDivider/Mcount_counter_cy<0>)
     MUXCY:CI->O           1   0.023   0.000  clockDivider/Mcount_counter_cy<1> (clockDivider/Mcount_counter_cy<1>)
     MUXCY:CI->O           1   0.023   0.000  clockDivider/Mcount_counter_cy<2> (clockDivider/Mcount_counter_cy<2>)
     MUXCY:CI->O           1   0.023   0.000  clockDivider/Mcount_counter_cy<3> (clockDivider/Mcount_counter_cy<3>)
     MUXCY:CI->O           1   0.023   0.000  clockDivider/Mcount_counter_cy<4> (clockDivider/Mcount_counter_cy<4>)
     MUXCY:CI->O           1   0.023   0.000  clockDivider/Mcount_counter_cy<5> (clockDivider/Mcount_counter_cy<5>)
     MUXCY:CI->O           1   0.023   0.000  clockDivider/Mcount_counter_cy<6> (clockDivider/Mcount_counter_cy<6>)
     MUXCY:CI->O           1   0.023   0.000  clockDivider/Mcount_counter_cy<7> (clockDivider/Mcount_counter_cy<7>)
     MUXCY:CI->O           1   0.023   0.000  clockDivider/Mcount_counter_cy<8> (clockDivider/Mcount_counter_cy<8>)
     MUXCY:CI->O           1   0.023   0.000  clockDivider/Mcount_counter_cy<9> (clockDivider/Mcount_counter_cy<9>)
     MUXCY:CI->O           1   0.023   0.000  clockDivider/Mcount_counter_cy<10> (clockDivider/Mcount_counter_cy<10>)
     MUXCY:CI->O           1   0.023   0.000  clockDivider/Mcount_counter_cy<11> (clockDivider/Mcount_counter_cy<11>)
     MUXCY:CI->O           1   0.023   0.000  clockDivider/Mcount_counter_cy<12> (clockDivider/Mcount_counter_cy<12>)
     MUXCY:CI->O           1   0.023   0.000  clockDivider/Mcount_counter_cy<13> (clockDivider/Mcount_counter_cy<13>)
     MUXCY:CI->O           1   0.023   0.000  clockDivider/Mcount_counter_cy<14> (clockDivider/Mcount_counter_cy<14>)
     MUXCY:CI->O           1   0.023   0.000  clockDivider/Mcount_counter_cy<15> (clockDivider/Mcount_counter_cy<15>)
     MUXCY:CI->O           1   0.023   0.000  clockDivider/Mcount_counter_cy<16> (clockDivider/Mcount_counter_cy<16>)
     MUXCY:CI->O           1   0.023   0.000  clockDivider/Mcount_counter_cy<17> (clockDivider/Mcount_counter_cy<17>)
     MUXCY:CI->O           1   0.023   0.000  clockDivider/Mcount_counter_cy<18> (clockDivider/Mcount_counter_cy<18>)
     MUXCY:CI->O           1   0.023   0.000  clockDivider/Mcount_counter_cy<19> (clockDivider/Mcount_counter_cy<19>)
     MUXCY:CI->O           1   0.023   0.000  clockDivider/Mcount_counter_cy<20> (clockDivider/Mcount_counter_cy<20>)
     MUXCY:CI->O           1   0.023   0.000  clockDivider/Mcount_counter_cy<21> (clockDivider/Mcount_counter_cy<21>)
     MUXCY:CI->O           1   0.023   0.000  clockDivider/Mcount_counter_cy<22> (clockDivider/Mcount_counter_cy<22>)
     XORCY:CI->O           1   0.370   0.511  clockDivider/Mcount_counter_xor<23> (Result<23>)
     LUT3:I0->O            1   0.097   0.000  clockDivider/counter_23_rstpot (clockDivider/counter_23_rstpot)
     FD:D                      0.008          clockDivider/counter_23
    ----------------------------------------
    Total                      2.608ns (1.808ns logic, 0.800ns route)
                                       (69.3% logic, 30.7% route)

=========================================================================
Timing constraint: Default OFFSET IN BEFORE for Clock 'clockDivider/Clk_mod'
  Total number of paths / destination ports: 24 / 24
-------------------------------------------------------------------------
Offset:              0.661ns (Levels of Logic = 1)
  Source:            reset (PAD)
  Destination:       reg_0 (FF)
  Destination Clock: clockDivider/Clk_mod rising

  Data Path: reset to reg_0
                                Gate     Net
    Cell:in->out      fanout   Delay   Delay  Logical Name (Net Name)
    ----------------------------------------  ------------
     IBUF:I->O             8   0.001   0.311  reset_IBUF (reset_IBUF)
     FDPE:PRE                  0.349          reg_0
    ----------------------------------------
    Total                      0.661ns (0.350ns logic, 0.311ns route)
                                       (52.9% logic, 47.1% route)

=========================================================================
Timing constraint: Default OFFSET OUT AFTER for Clock 'clk'
  Total number of paths / destination ports: 11 / 11
-------------------------------------------------------------------------
Offset:              0.640ns (Levels of Logic = 1)
  Source:            seven_segment/segment_6 (FF)
  Destination:       seg_out<7> (PAD)
  Source Clock:      clk rising

  Data Path: seven_segment/segment_6 to seg_out<7>
                                Gate     Net
    Cell:in->out      fanout   Delay   Delay  Logical Name (Net Name)
    ----------------------------------------  ------------
     FD:C->Q               1   0.361   0.279  seven_segment/segment_6 (seven_segment/segment_6)
     OBUF:I->O                 0.000          seg_out_7_OBUF (seg_out<7>)
    ----------------------------------------
    Total                      0.640ns (0.361ns logic, 0.279ns route)
                                       (56.4% logic, 43.6% route)

=========================================================================

Cross Clock Domains Report:
--------------------------

Clock to Setup on destination clock clk
--------------------+---------+---------+---------+---------+
                    | Src:Rise| Src:Fall| Src:Rise| Src:Fall|
Source Clock        |Dest:Rise|Dest:Rise|Dest:Fall|Dest:Fall|
--------------------+---------+---------+---------+---------+
clk                 |    2.608|         |         |         |
clockDivider/Clk_mod|    1.824|         |         |         |
--------------------+---------+---------+---------+---------+

Clock to Setup on destination clock clockDivider/Clk_mod
--------------------+---------+---------+---------+---------+
                    | Src:Rise| Src:Fall| Src:Rise| Src:Fall|
Source Clock        |Dest:Rise|Dest:Rise|Dest:Fall|Dest:Fall|
--------------------+---------+---------+---------+---------+
clockDivider/Clk_mod|    0.901|         |         |         |
--------------------+---------+---------+---------+---------+

=========================================================================


Total REAL time to Xst completion: 7.00 secs
Total CPU time to Xst completion: 6.68 secs
 
--> 

Total memory usage is 4617856 kilobytes

Number of errors   :    0 (   0 filtered)
Number of warnings :    5 (   0 filtered)
Number of infos    :    1 (   0 filtered)

