--------------------------------------------------------------------------------
Release 14.7 Trace  (nt64)
Copyright (c) 1995-2013 Xilinx, Inc.  All rights reserved.

C:\Xilinx\14.7\ISE_DS\ISE\bin\nt64\unwrapped\trce.exe -intstyle ise -v 3 -s 3
-n 3 -fastpaths -xml top.twx top.ncd -o top.twr top.pcf -ucf top.ucf

Design file:              top.ncd
Physical constraint file: top.pcf
Device,package,speed:     xc7a100t,csg324,C,-3 (PRODUCTION 1.10 2013-10-13)
Report level:             verbose report

Environment Variable      Effect 
--------------------      ------ 
NONE                      No environment variables were set
--------------------------------------------------------------------------------

INFO:Timing:2698 - No timing constraints found, doing default enumeration.
INFO:Timing:3412 - To improve timing, see the Timing Closure User Guide (UG612).
INFO:Timing:2752 - To get complete path coverage, use the unconstrained paths 
   option. All paths that are not constrained will be reported in the 
   unconstrained paths section(s) of the report.
INFO:Timing:3339 - The clock-to-out numbers in this timing report are based on 
   a 50 Ohm transmission line loading model.  For the details of this model, 
   and for more information on accounting for different loading conditions, 
   please see the device datasheet.



Data Sheet report:
-----------------
All values displayed in nanoseconds (ns)

Clock clk to Pad
------------+-----------------+------------+-----------------+------------+------------------+--------+
            |Max (slowest) clk|  Process   |Min (fastest) clk|  Process   |                  | Clock  |
Destination |  (edge) to PAD  |   Corner   |  (edge) to PAD  |   Corner   |Internal Clock(s) | Phase  |
------------+-----------------+------------+-----------------+------------+------------------+--------+
seg_out<1>  |         7.848(R)|      SLOW  |         2.973(R)|      FAST  |clk_BUFGP         |   0.000|
seg_out<2>  |         7.827(R)|      SLOW  |         2.952(R)|      FAST  |clk_BUFGP         |   0.000|
seg_out<3>  |         7.742(R)|      SLOW  |         2.884(R)|      FAST  |clk_BUFGP         |   0.000|
seg_out<4>  |         7.792(R)|      SLOW  |         2.937(R)|      FAST  |clk_BUFGP         |   0.000|
seg_out<5>  |         7.789(R)|      SLOW  |         2.921(R)|      FAST  |clk_BUFGP         |   0.000|
seg_out<6>  |         7.829(R)|      SLOW  |         2.955(R)|      FAST  |clk_BUFGP         |   0.000|
seg_out<7>  |         7.807(R)|      SLOW  |         2.932(R)|      FAST  |clk_BUFGP         |   0.000|
seg_sel<0>  |         7.784(R)|      SLOW  |         2.925(R)|      FAST  |clk_BUFGP         |   0.000|
seg_sel<1>  |         7.784(R)|      SLOW  |         2.925(R)|      FAST  |clk_BUFGP         |   0.000|
seg_sel<2>  |         7.846(R)|      SLOW  |         2.971(R)|      FAST  |clk_BUFGP         |   0.000|
seg_sel<3>  |         7.798(R)|      SLOW  |         2.941(R)|      FAST  |clk_BUFGP         |   0.000|
------------+-----------------+------------+-----------------+------------+------------------+--------+

Clock to Setup on destination clock clk
---------------+---------+---------+---------+---------+
               | Src:Rise| Src:Fall| Src:Rise| Src:Fall|
Source Clock   |Dest:Rise|Dest:Rise|Dest:Fall|Dest:Fall|
---------------+---------+---------+---------+---------+
clk            |    2.760|         |         |         |
---------------+---------+---------+---------+---------+


Analysis completed Tue Dec 05 13:39:45 2023 
--------------------------------------------------------------------------------

Trace Settings:
-------------------------
Trace Settings 

Peak Memory Usage: 5003 MB



