Command line:
   top_isim_beh.exe
     -simmode  gui
     -simrunnum  0
     -socket  50229

Mon Oct 30 00:43:33 2023


 Elaboration Time: 0.015625 sec

 Current Memory Usage: 5151.71 Meg

 Total Signals          : 21
 Total Nets             : 16
 Total Signal Drivers   : 6
 Total Blocks           : 5
 Total Primitive Blocks : 4
 Total Processes        : 6
 Total Traceable Variables  : 8
 Total Scalar Nets and Variables : 376
Total Line Count : 10

 Total Simulation Time: 0.015625 sec

 Current Memory Usage: 5151.71 Meg

Mon Oct 30 00:43:45 2023

