Release 14.7 - xst P.20131013 (nt64)
Copyright (c) 1995-2013 Xilinx, Inc.  All rights reserved.
--> Parameter TMPDIR set to xst/projnav.tmp


Total REAL time to Xst completion: 0.00 secs
Total CPU time to Xst completion: 0.34 secs
 
--> Parameter xsthdpdir set to xst


Total REAL time to Xst completion: 0.00 secs
Total CPU time to Xst completion: 0.35 secs
 
--> Reading design: top.prj

TABLE OF CONTENTS
  1) Synthesis Options Summary
  2) HDL Parsing
  3) HDL Elaboration
  4) HDL Synthesis
       4.1) HDL Synthesis Report
  5) Advanced HDL Synthesis
       5.1) Advanced HDL Synthesis Report
  6) Low Level Synthesis
  7) Partition Report
  8) Design Summary
       8.1) Primitive and Black Box Usage
       8.2) Device utilization summary
       8.3) Partition Resource Summary
       8.4) Timing Report
            8.4.1) Clock Information
            8.4.2) Asynchronous Control Signals Information
            8.4.3) Timing Summary
            8.4.4) Timing Details
            8.4.5) Cross Clock Domains Report


=========================================================================
*                      Synthesis Options Summary                        *
=========================================================================
---- Source Parameters
Input File Name                    : "top.prj"
Ignore Synthesis Constraint File   : NO

---- Target Parameters
Output File Name                   : "top"
Output Format                      : NGC
Target Device                      : xc7a100t-3-csg324

---- Source Options
Top Module Name                    : top
Automatic FSM Extraction           : YES
FSM Encoding Algorithm             : Auto
Safe Implementation                : No
FSM Style                          : LUT
RAM Extraction                     : Yes
RAM Style                          : Auto
ROM Extraction                     : Yes
Shift Register Extraction          : YES
ROM Style                          : Auto
Resource Sharing                   : YES
Asynchronous To Synchronous        : NO
Shift Register Minimum Size        : 2
Use DSP Block                      : Auto
Automatic Register Balancing       : No

---- Target Options
LUT Combining                      : Auto
Reduce Control Sets                : Auto
Add IO Buffers                     : YES
Global Maximum Fanout              : 100000
Add Generic Clock Buffer(BUFG)     : 32
Register Duplication               : YES
Optimize Instantiated Primitives   : NO
Use Clock Enable                   : Auto
Use Synchronous Set                : Auto
Use Synchronous Reset              : Auto
Pack IO Registers into IOBs        : Auto
Equivalent register Removal        : YES

---- General Options
Optimization Goal                  : Speed
Optimization Effort                : 1
Power Reduction                    : NO
Keep Hierarchy                     : No
Netlist Hierarchy                  : As_Optimized
RTL Output                         : Yes
Global Optimization                : AllClockNets
Read Cores                         : YES
Write Timing Constraints           : NO
Cross Clock Analysis               : NO
Hierarchy Separator                : /
Bus Delimiter                      : <>
Case Specifier                     : Maintain
Slice Utilization Ratio            : 100
BRAM Utilization Ratio             : 100
DSP48 Utilization Ratio            : 100
Auto BRAM Packing                  : NO
Slice Utilization Ratio Delta      : 5

=========================================================================


=========================================================================
*                          HDL Parsing                                  *
=========================================================================
Parsing VHDL file "C:\ise-vhdl\Lab8\Lab8\seven_segment.vhd" into library work
Parsing entity <seven_segment>.
Parsing architecture <Behavioral> of entity <seven_segment>.
Parsing VHDL file "C:\ise-vhdl\Lab8\Lab8\fsm.vhd" into library work
Parsing entity <fsm>.
Parsing architecture <behavior> of entity <fsm>.
Parsing VHDL file "C:\ise-vhdl\Lab8\Lab8\top.vhd" into library work
Parsing entity <top>.
Parsing architecture <Behavioral> of entity <top>.

=========================================================================
*                            HDL Elaboration                            *
=========================================================================

Elaborating entity <top> (architecture <Behavioral>) from library <work>.

Elaborating entity <fsm> (architecture <behavior>) from library <work>.
INFO:HDLCompiler:679 - "C:\ise-vhdl\Lab8\Lab8\fsm.vhd" Line 47. Case statement is complete. others clause is never selected
INFO:HDLCompiler:679 - "C:\ise-vhdl\Lab8\Lab8\fsm.vhd" Line 205. Case statement is complete. others clause is never selected

Elaborating entity <seven_segment> (architecture <Behavioral>) from library <work>.
INFO:HDLCompiler:679 - "C:\ise-vhdl\Lab8\Lab8\seven_segment.vhd" Line 137. Case statement is complete. others clause is never selected

=========================================================================
*                           HDL Synthesis                               *
=========================================================================

Synthesizing Unit <top>.
    Related source file is "C:\ise-vhdl\Lab8\Lab8\top.vhd".
    Summary:
	no macro.
Unit <top> synthesized.

Synthesizing Unit <fsm>.
    Related source file is "C:\ise-vhdl\Lab8\Lab8\fsm.vhd".
    Found 4-bit register for signal <state>.
    Found 1-bit register for signal <temp_ready>.
    Found 3-bit register for signal <money>.
    Found 32-bit register for signal <counter>.
    Found finite state machine <FSM_0> for signal <state>.
    -----------------------------------------------------------------------
    | States             | 15                                             |
    | Transitions        | 43                                             |
    | Inputs             | 6                                              |
    | Outputs            | 8                                              |
    | Clock              | clk (rising_edge)                              |
    | Reset              | reset (positive)                               |
    | Reset type         | asynchronous                                   |
    | Reset State        | idle                                           |
    | Power Up State     | idle                                           |
    | Encoding           | auto                                           |
    | Implementation     | LUT                                            |
    -----------------------------------------------------------------------
    Found 32-bit adder for signal <counter[31]_GND_7_o_add_60_OUT> created at line 188.
    Found 32-bit comparator greater for signal <GND_7_o_counter[31]_LessThan_60_o> created at line 187
    Summary:
	inferred   1 Adder/Subtractor(s).
	inferred  36 D-type flip-flop(s).
	inferred   1 Comparator(s).
	inferred   1 Multiplexer(s).
	inferred   1 Finite State Machine(s).
Unit <fsm> synthesized.

Synthesizing Unit <seven_segment>.
    Related source file is "C:\ise-vhdl\Lab8\Lab8\seven_segment.vhd".
    Found 2-bit register for signal <sec>.
    Found 18-bit register for signal <counter>.
    Found 18-bit adder for signal <counter[17]_GND_8_o_add_4_OUT> created at line 116.
    Found 4x4-bit Read Only RAM for signal <sel>
    Found 7-bit 3-to-1 multiplexer for signal <segment> created at line 120.
    Summary:
	inferred   1 RAM(s).
	inferred   1 Adder/Subtractor(s).
	inferred  20 D-type flip-flop(s).
	inferred   1 Multiplexer(s).
Unit <seven_segment> synthesized.

=========================================================================
HDL Synthesis Report

Macro Statistics
# RAMs                                                 : 1
 4x4-bit single-port Read Only RAM                     : 1
# Adders/Subtractors                                   : 2
 18-bit adder                                          : 1
 32-bit adder                                          : 1
# Registers                                            : 5
 1-bit register                                        : 1
 18-bit register                                       : 1
 2-bit register                                        : 1
 3-bit register                                        : 1
 32-bit register                                       : 1
# Comparators                                          : 1
 32-bit comparator greater                             : 1
# Multiplexers                                         : 2
 32-bit 2-to-1 multiplexer                             : 1
 7-bit 3-to-1 multiplexer                              : 1
# FSMs                                                 : 1

=========================================================================

=========================================================================
*                       Advanced HDL Synthesis                          *
=========================================================================


Synthesizing (advanced) Unit <fsm>.
The following registers are absorbed into counter <counter>: 1 register on signal <counter>.
Unit <fsm> synthesized (advanced).

Synthesizing (advanced) Unit <seven_segment>.
The following registers are absorbed into counter <counter>: 1 register on signal <counter>.
INFO:Xst:3231 - The small RAM <Mram_sel> will be implemented on LUTs in order to maximize performance and save block RAM resources. If you want to force its implementation on block, use option/constraint ram_style.
    -----------------------------------------------------------------------
    | ram_type           | Distributed                         |          |
    -----------------------------------------------------------------------
    | Port A                                                              |
    |     aspect ratio   | 4-word x 4-bit                      |          |
    |     weA            | connected to signal <GND>           | high     |
    |     addrA          | connected to signal <sec>           |          |
    |     diA            | connected to signal <GND>           |          |
    |     doA            | connected to signal <sel>           |          |
    -----------------------------------------------------------------------
Unit <seven_segment> synthesized (advanced).

=========================================================================
Advanced HDL Synthesis Report

Macro Statistics
# RAMs                                                 : 1
 4x4-bit single-port distributed Read Only RAM         : 1
# Counters                                             : 2
 18-bit up counter                                     : 1
 32-bit up counter                                     : 1
# Registers                                            : 6
 Flip-Flops                                            : 6
# Comparators                                          : 1
 32-bit comparator greater                             : 1
# Multiplexers                                         : 1
 7-bit 3-to-1 multiplexer                              : 1
# FSMs                                                 : 1

=========================================================================

=========================================================================
*                         Low Level Synthesis                           *
=========================================================================
Analyzing FSM <MFsm> for best encoding.
Optimizing FSM <fsm_chart/FSM_0> on signal <state[1:4]> with user encoding.
-----------------------------
 State           | Encoding
-----------------------------
 idle            | 0000
 water           | 0001
 ready_water     | 0010
 chocolate       | 0011
 chocolate1      | 0100
 ready_chocolate | 0101
 coke            | 0110
 coke1           | 0111
 coke2           | 1000
 ready_coke      | 1001
 cookies         | 1010
 cookies1        | 1011
 cookies2        | 1100
 cookies3        | 1101
 ready_cookies   | 1110
-----------------------------

Optimizing unit <top> ...

Optimizing unit <fsm> ...

Optimizing unit <seven_segment> ...
WARNING:Xst:1293 - FF/Latch <fsm_chart/counter_31> has a constant value of 0 in block <top>. This FF/Latch will be trimmed during the optimization process.
WARNING:Xst:1896 - Due to other FF/Latch trimming, FF/Latch <fsm_chart/counter_30> has a constant value of 0 in block <top>. This FF/Latch will be trimmed during the optimization process.
WARNING:Xst:1896 - Due to other FF/Latch trimming, FF/Latch <fsm_chart/counter_29> has a constant value of 0 in block <top>. This FF/Latch will be trimmed during the optimization process.
WARNING:Xst:1896 - Due to other FF/Latch trimming, FF/Latch <fsm_chart/counter_28> has a constant value of 0 in block <top>. This FF/Latch will be trimmed during the optimization process.
WARNING:Xst:1896 - Due to other FF/Latch trimming, FF/Latch <fsm_chart/counter_27> has a constant value of 0 in block <top>. This FF/Latch will be trimmed during the optimization process.

Mapping all equations...
Building and optimizing final netlist ...
Found area constraint ratio of 100 (+ 5) on block top, actual ratio is 0.

Final Macro Processing ...

=========================================================================
Final Register Report

Macro Statistics
# Registers                                            : 55
 Flip-Flops                                            : 55

=========================================================================

=========================================================================
*                           Partition Report                            *
=========================================================================

Partition Implementation Status
-------------------------------

  No Partitions were found in this design.

-------------------------------

=========================================================================
*                            Design Summary                             *
=========================================================================

Top Level Output File Name         : top.ngc

Primitive and Black Box Usage:
------------------------------
# BELS                             : 189
#      GND                         : 1
#      INV                         : 1
#      LUT1                        : 17
#      LUT2                        : 38
#      LUT3                        : 3
#      LUT4                        : 4
#      LUT5                        : 11
#      LUT6                        : 14
#      MUXCY                       : 51
#      MUXF7                       : 3
#      VCC                         : 1
#      XORCY                       : 45
# FlipFlops/Latches                : 55
#      FD                          : 21
#      FDC                         : 4
#      FDE                         : 30
# Clock Buffers                    : 1
#      BUFGP                       : 1
# IO Buffers                       : 23
#      IBUF                        : 6
#      OBUF                        : 17

Device utilization summary:
---------------------------

Selected Device : 7a100tcsg324-3 


Slice Logic Utilization: 
 Number of Slice Registers:              55  out of  126800     0%  
 Number of Slice LUTs:                   88  out of  63400     0%  
    Number used as Logic:                88  out of  63400     0%  

Slice Logic Distribution: 
 Number of LUT Flip Flop pairs used:     89
   Number with an unused Flip Flop:      34  out of     89    38%  
   Number with an unused LUT:             1  out of     89     1%  
   Number of fully used LUT-FF pairs:    54  out of     89    60%  
   Number of unique control sets:         4

IO Utilization: 
 Number of IOs:                          24
 Number of bonded IOBs:                  24  out of    210    11%  

Specific Feature Utilization:
 Number of BUFG/BUFGCTRLs:                1  out of     32     3%  

---------------------------
Partition Resource Summary:
---------------------------

  No Partitions were found in this design.

---------------------------


=========================================================================
Timing Report

NOTE: THESE TIMING NUMBERS ARE ONLY A SYNTHESIS ESTIMATE.
      FOR ACCURATE TIMING INFORMATION PLEASE REFER TO THE TRACE REPORT
      GENERATED AFTER PLACE-and-ROUTE.

Clock Information:
------------------
-----------------------------------+------------------------+-------+
Clock Signal                       | Clock buffer(FF name)  | Load  |
-----------------------------------+------------------------+-------+
clk                                | BUFGP                  | 55    |
-----------------------------------+------------------------+-------+

Asynchronous Control Signals Information:
----------------------------------------
No asynchronous control signals found in this design

Timing Summary:
---------------
Speed Grade: -3

   Minimum period: 3.442ns (Maximum Frequency: 290.526MHz)
   Minimum input arrival time before clock: 1.507ns
   Maximum output required time after clock: 1.477ns
   Maximum combinational path delay: 1.181ns

Timing Details:
---------------
All values displayed in nanoseconds (ns)

=========================================================================
Timing constraint: Default period analysis for Clock 'clk'
  Clock period: 3.442ns (frequency: 290.526MHz)
  Total number of paths / destination ports: 16825 / 85
-------------------------------------------------------------------------
Delay:               3.442ns (Levels of Logic = 36)
  Source:            fsm_chart/counter_0 (FF)
  Destination:       fsm_chart/counter_26 (FF)
  Source Clock:      clk rising
  Destination Clock: clk rising

  Data Path: fsm_chart/counter_0 to fsm_chart/counter_26
                                Gate     Net
    Cell:in->out      fanout   Delay   Delay  Logical Name (Net Name)
    ----------------------------------------  ------------
     FDE:C->Q              2   0.361   0.688  fsm_chart/counter_0 (fsm_chart/counter_0)
     LUT5:I0->O            1   0.097   0.000  fsm_chart/Mcompar_GND_7_o_counter[31]_LessThan_60_o_lut<0> (fsm_chart/Mcompar_GND_7_o_counter[31]_LessThan_60_o_lut<0>)
     MUXCY:S->O            1   0.353   0.000  fsm_chart/Mcompar_GND_7_o_counter[31]_LessThan_60_o_cy<0> (fsm_chart/Mcompar_GND_7_o_counter[31]_LessThan_60_o_cy<0>)
     MUXCY:CI->O           1   0.023   0.000  fsm_chart/Mcompar_GND_7_o_counter[31]_LessThan_60_o_cy<1> (fsm_chart/Mcompar_GND_7_o_counter[31]_LessThan_60_o_cy<1>)
     MUXCY:CI->O           1   0.023   0.000  fsm_chart/Mcompar_GND_7_o_counter[31]_LessThan_60_o_cy<2> (fsm_chart/Mcompar_GND_7_o_counter[31]_LessThan_60_o_cy<2>)
     MUXCY:CI->O           1   0.023   0.000  fsm_chart/Mcompar_GND_7_o_counter[31]_LessThan_60_o_cy<3> (fsm_chart/Mcompar_GND_7_o_counter[31]_LessThan_60_o_cy<3>)
     MUXCY:CI->O           1   0.023   0.000  fsm_chart/Mcompar_GND_7_o_counter[31]_LessThan_60_o_cy<4> (fsm_chart/Mcompar_GND_7_o_counter[31]_LessThan_60_o_cy<4>)
     MUXCY:CI->O           1   0.023   0.000  fsm_chart/Mcompar_GND_7_o_counter[31]_LessThan_60_o_cy<5> (fsm_chart/Mcompar_GND_7_o_counter[31]_LessThan_60_o_cy<5>)
     MUXCY:CI->O          35   0.023   0.403  fsm_chart/Mcompar_GND_7_o_counter[31]_LessThan_60_o_cy<6> (fsm_chart/GND_7_o_counter[31]_LessThan_60_o_inv)
     LUT2:I1->O            1   0.097   0.000  fsm_chart/Mcount_counter_lut<0> (fsm_chart/Mcount_counter_lut<0>)
     MUXCY:S->O            1   0.353   0.000  fsm_chart/Mcount_counter_cy<0> (fsm_chart/Mcount_counter_cy<0>)
     MUXCY:CI->O           1   0.023   0.000  fsm_chart/Mcount_counter_cy<1> (fsm_chart/Mcount_counter_cy<1>)
     MUXCY:CI->O           1   0.023   0.000  fsm_chart/Mcount_counter_cy<2> (fsm_chart/Mcount_counter_cy<2>)
     MUXCY:CI->O           1   0.023   0.000  fsm_chart/Mcount_counter_cy<3> (fsm_chart/Mcount_counter_cy<3>)
     MUXCY:CI->O           1   0.023   0.000  fsm_chart/Mcount_counter_cy<4> (fsm_chart/Mcount_counter_cy<4>)
     MUXCY:CI->O           1   0.023   0.000  fsm_chart/Mcount_counter_cy<5> (fsm_chart/Mcount_counter_cy<5>)
     MUXCY:CI->O           1   0.023   0.000  fsm_chart/Mcount_counter_cy<6> (fsm_chart/Mcount_counter_cy<6>)
     MUXCY:CI->O           1   0.023   0.000  fsm_chart/Mcount_counter_cy<7> (fsm_chart/Mcount_counter_cy<7>)
     MUXCY:CI->O           1   0.023   0.000  fsm_chart/Mcount_counter_cy<8> (fsm_chart/Mcount_counter_cy<8>)
     MUXCY:CI->O           1   0.023   0.000  fsm_chart/Mcount_counter_cy<9> (fsm_chart/Mcount_counter_cy<9>)
     MUXCY:CI->O           1   0.023   0.000  fsm_chart/Mcount_counter_cy<10> (fsm_chart/Mcount_counter_cy<10>)
     MUXCY:CI->O           1   0.023   0.000  fsm_chart/Mcount_counter_cy<11> (fsm_chart/Mcount_counter_cy<11>)
     MUXCY:CI->O           1   0.023   0.000  fsm_chart/Mcount_counter_cy<12> (fsm_chart/Mcount_counter_cy<12>)
     MUXCY:CI->O           1   0.023   0.000  fsm_chart/Mcount_counter_cy<13> (fsm_chart/Mcount_counter_cy<13>)
     MUXCY:CI->O           1   0.023   0.000  fsm_chart/Mcount_counter_cy<14> (fsm_chart/Mcount_counter_cy<14>)
     MUXCY:CI->O           1   0.023   0.000  fsm_chart/Mcount_counter_cy<15> (fsm_chart/Mcount_counter_cy<15>)
     MUXCY:CI->O           1   0.023   0.000  fsm_chart/Mcount_counter_cy<16> (fsm_chart/Mcount_counter_cy<16>)
     MUXCY:CI->O           1   0.023   0.000  fsm_chart/Mcount_counter_cy<17> (fsm_chart/Mcount_counter_cy<17>)
     MUXCY:CI->O           1   0.023   0.000  fsm_chart/Mcount_counter_cy<18> (fsm_chart/Mcount_counter_cy<18>)
     MUXCY:CI->O           1   0.023   0.000  fsm_chart/Mcount_counter_cy<19> (fsm_chart/Mcount_counter_cy<19>)
     MUXCY:CI->O           1   0.023   0.000  fsm_chart/Mcount_counter_cy<20> (fsm_chart/Mcount_counter_cy<20>)
     MUXCY:CI->O           1   0.023   0.000  fsm_chart/Mcount_counter_cy<21> (fsm_chart/Mcount_counter_cy<21>)
     MUXCY:CI->O           1   0.023   0.000  fsm_chart/Mcount_counter_cy<22> (fsm_chart/Mcount_counter_cy<22>)
     MUXCY:CI->O           1   0.023   0.000  fsm_chart/Mcount_counter_cy<23> (fsm_chart/Mcount_counter_cy<23>)
     MUXCY:CI->O           1   0.023   0.000  fsm_chart/Mcount_counter_cy<24> (fsm_chart/Mcount_counter_cy<24>)
     MUXCY:CI->O           0   0.023   0.000  fsm_chart/Mcount_counter_cy<25> (fsm_chart/Mcount_counter_cy<25>)
     XORCY:CI->O           1   0.370   0.000  fsm_chart/Mcount_counter_xor<26> (fsm_chart/Mcount_counter26)
     FDE:D                     0.008          fsm_chart/counter_26
    ----------------------------------------
    Total                      3.442ns (2.352ns logic, 1.090ns route)
                                       (68.3% logic, 31.7% route)

=========================================================================
Timing constraint: Default OFFSET IN BEFORE for Clock 'clk'
  Total number of paths / destination ports: 89 / 39
-------------------------------------------------------------------------
Offset:              1.507ns (Levels of Logic = 4)
  Source:            one_tl (PAD)
  Destination:       fsm_chart/state_FSM_FFd3 (FF)
  Destination Clock: clk rising

  Data Path: one_tl to fsm_chart/state_FSM_FFd3
                                Gate     Net
    Cell:in->out      fanout   Delay   Delay  Logical Name (Net Name)
    ----------------------------------------  ------------
     IBUF:I->O             8   0.001   0.725  one_tl_IBUF (one_tl_IBUF)
     LUT6:I0->O            2   0.097   0.299  fsm_chart/state_FSM_FFd3-In3 (fsm_chart/state_FSM_FFd3-In3)
     LUT6:I5->O            1   0.097   0.000  fsm_chart/state_FSM_FFd3-In5_G (N20)
     MUXF7:I1->O           1   0.279   0.000  fsm_chart/state_FSM_FFd3-In5 (fsm_chart/state_FSM_FFd3-In)
     FDC:D                     0.008          fsm_chart/state_FSM_FFd3
    ----------------------------------------
    Total                      1.507ns (0.482ns logic, 1.025ns route)
                                       (32.0% logic, 68.0% route)

=========================================================================
Timing constraint: Default OFFSET OUT AFTER for Clock 'clk'
  Total number of paths / destination ports: 44 / 12
-------------------------------------------------------------------------
Offset:              1.477ns (Levels of Logic = 2)
  Source:            seven_segment_dp/sec_0 (FF)
  Destination:       seg_out<7> (PAD)
  Source Clock:      clk rising

  Data Path: seven_segment_dp/sec_0 to seg_out<7>
                                Gate     Net
    Cell:in->out      fanout   Delay   Delay  Logical Name (Net Name)
    ----------------------------------------  ------------
     FD:C->Q              11   0.361   0.740  seven_segment_dp/sec_0 (seven_segment_dp/sec_0)
     LUT6:I0->O            1   0.097   0.279  seven_segment_dp/Mmux_segment71 (seg_out_7_OBUF)
     OBUF:I->O                 0.000          seg_out_7_OBUF (seg_out<7>)
    ----------------------------------------
    Total                      1.477ns (0.458ns logic, 1.019ns route)
                                       (31.0% logic, 69.0% route)

=========================================================================
Timing constraint: Default path analysis
  Total number of paths / destination ports: 10 / 6
-------------------------------------------------------------------------
Delay:               1.181ns (Levels of Logic = 4)
  Source:            item_select<1> (PAD)
  Destination:       seg_out<6> (PAD)

  Data Path: item_select<1> to seg_out<6>
                                Gate     Net
    Cell:in->out      fanout   Delay   Delay  Logical Name (Net Name)
    ----------------------------------------  ------------
     IBUF:I->O             8   0.001   0.411  item_select_1_IBUF (item_select_1_IBUF)
     LUT2:I0->O            1   0.097   0.295  seven_segment_dp/Mmux_segment3_SW0 (N4)
     LUT6:I5->O            1   0.097   0.279  seven_segment_dp/Mmux_segment3 (seg_out_3_OBUF)
     OBUF:I->O                 0.000          seg_out_3_OBUF (seg_out<3>)
    ----------------------------------------
    Total                      1.181ns (0.195ns logic, 0.986ns route)
                                       (16.5% logic, 83.5% route)

=========================================================================

Cross Clock Domains Report:
--------------------------

Clock to Setup on destination clock clk
---------------+---------+---------+---------+---------+
               | Src:Rise| Src:Fall| Src:Rise| Src:Fall|
Source Clock   |Dest:Rise|Dest:Rise|Dest:Fall|Dest:Fall|
---------------+---------+---------+---------+---------+
clk            |    3.442|         |         |         |
---------------+---------+---------+---------+---------+

=========================================================================


Total REAL time to Xst completion: 8.00 secs
Total CPU time to Xst completion: 7.86 secs
 
--> 

Total memory usage is 4619508 kilobytes

Number of errors   :    0 (   0 filtered)
Number of warnings :    5 (   0 filtered)
Number of infos    :    1 (   0 filtered)

