--------------------------------------------------------------------------------
Release 14.7 Trace  (nt64)
Copyright (c) 1995-2013 Xilinx, Inc.  All rights reserved.

C:\Xilinx\14.7\ISE_DS\ISE\bin\nt64\unwrapped\trce.exe -intstyle ise -v 3 -s 3
-n 3 -fastpaths -xml alu_top.twx alu_top.ncd -o alu_top.twr alu_top.pcf -ucf
top.ucf

Design file:              alu_top.ncd
Physical constraint file: alu_top.pcf
Device,package,speed:     xc7a100t,csg324,C,-3 (PRODUCTION 1.10 2013-10-13)
Report level:             verbose report

Environment Variable      Effect 
--------------------      ------ 
NONE                      No environment variables were set
--------------------------------------------------------------------------------

INFO:Timing:2698 - No timing constraints found, doing default enumeration.
INFO:Timing:3412 - To improve timing, see the Timing Closure User Guide (UG612).
INFO:Timing:2752 - To get complete path coverage, use the unconstrained paths 
   option. All paths that are not constrained will be reported in the 
   unconstrained paths section(s) of the report.
INFO:Timing:3339 - The clock-to-out numbers in this timing report are based on 
   a 50 Ohm transmission line loading model.  For the details of this model, 
   and for more information on accounting for different loading conditions, 
   please see the device datasheet.



Data Sheet report:
-----------------
All values displayed in nanoseconds (ns)

Clock clk to Pad
------------+-----------------+------------+-----------------+------------+------------------+--------+
            |Max (slowest) clk|  Process   |Min (fastest) clk|  Process   |                  | Clock  |
Destination |  (edge) to PAD  |   Corner   |  (edge) to PAD  |   Corner   |Internal Clock(s) | Phase  |
------------+-----------------+------------+-----------------+------------+------------------+--------+
seg_out<1>  |        10.994(R)|      SLOW  |         4.205(R)|      FAST  |clk_BUFGP         |   0.000|
seg_out<2>  |        10.723(R)|      SLOW  |         4.077(R)|      FAST  |clk_BUFGP         |   0.000|
seg_out<3>  |        10.006(R)|      SLOW  |         3.572(R)|      FAST  |clk_BUFGP         |   0.000|
seg_out<4>  |        10.843(R)|      SLOW  |         4.146(R)|      FAST  |clk_BUFGP         |   0.000|
seg_out<5>  |        10.474(R)|      SLOW  |         3.847(R)|      FAST  |clk_BUFGP         |   0.000|
seg_out<6>  |        10.373(R)|      SLOW  |         3.888(R)|      FAST  |clk_BUFGP         |   0.000|
seg_out<7>  |         9.995(R)|      SLOW  |         3.584(R)|      FAST  |clk_BUFGP         |   0.000|
seg_sel<0>  |        10.389(R)|      SLOW  |         3.996(R)|      FAST  |clk_BUFGP         |   0.000|
seg_sel<1>  |        10.231(R)|      SLOW  |         3.927(R)|      FAST  |clk_BUFGP         |   0.000|
seg_sel<2>  |        10.433(R)|      SLOW  |         3.909(R)|      FAST  |clk_BUFGP         |   0.000|
seg_sel<3>  |        10.406(R)|      SLOW  |         3.965(R)|      FAST  |clk_BUFGP         |   0.000|
------------+-----------------+------------+-----------------+------------+------------------+--------+

Clock to Setup on destination clock clk
---------------+---------+---------+---------+---------+
               | Src:Rise| Src:Fall| Src:Rise| Src:Fall|
Source Clock   |Dest:Rise|Dest:Rise|Dest:Fall|Dest:Fall|
---------------+---------+---------+---------+---------+
clk            |    1.688|         |         |         |
---------------+---------+---------+---------+---------+

Pad to Pad
---------------+---------------+---------+
Source Pad     |Destination Pad|  Delay  |
---------------+---------------+---------+
a<0>           |flag<0>        |    8.180|
a<0>           |flag<1>        |    9.158|
a<0>           |flag<2>        |   10.129|
a<0>           |seg_out<1>     |   11.623|
a<0>           |seg_out<2>     |   10.516|
a<0>           |seg_out<3>     |   10.323|
a<0>           |seg_out<4>     |   11.473|
a<0>           |seg_out<5>     |   10.686|
a<0>           |seg_out<6>     |   10.470|
a<0>           |seg_out<7>     |    9.937|
a<1>           |flag<0>        |    8.184|
a<1>           |flag<1>        |    8.666|
a<1>           |flag<2>        |    9.832|
a<1>           |seg_out<1>     |   11.344|
a<1>           |seg_out<2>     |   10.237|
a<1>           |seg_out<3>     |   10.044|
a<1>           |seg_out<4>     |   11.194|
a<1>           |seg_out<5>     |   10.407|
a<1>           |seg_out<6>     |   10.173|
a<1>           |seg_out<7>     |    9.658|
a<2>           |flag<0>        |    7.793|
a<2>           |flag<1>        |    8.856|
a<2>           |flag<2>        |    9.642|
a<2>           |seg_out<1>     |   11.321|
a<2>           |seg_out<2>     |   10.214|
a<2>           |seg_out<3>     |   10.021|
a<2>           |seg_out<4>     |   11.171|
a<2>           |seg_out<5>     |   10.384|
a<2>           |seg_out<6>     |   10.078|
a<2>           |seg_out<7>     |    9.635|
a<3>           |flag<0>        |    7.517|
a<3>           |flag<1>        |    7.846|
a<3>           |flag<2>        |    9.001|
a<3>           |seg_out<1>     |   10.741|
a<3>           |seg_out<2>     |    9.634|
a<3>           |seg_out<3>     |    9.441|
a<3>           |seg_out<4>     |   10.591|
a<3>           |seg_out<5>     |    9.804|
a<3>           |seg_out<6>     |    9.498|
a<3>           |seg_out<7>     |    9.055|
b<0>           |flag<0>        |    7.345|
b<0>           |flag<1>        |    8.221|
b<0>           |flag<2>        |    9.414|
b<0>           |seg_out<1>     |   10.686|
b<0>           |seg_out<2>     |    9.702|
b<0>           |seg_out<3>     |    9.386|
b<0>           |seg_out<4>     |   10.536|
b<0>           |seg_out<5>     |    9.749|
b<0>           |seg_out<6>     |    9.755|
b<0>           |seg_out<7>     |    9.035|
b<1>           |flag<0>        |    7.533|
b<1>           |flag<1>        |    8.634|
b<1>           |flag<2>        |    9.420|
b<1>           |seg_out<1>     |   11.099|
b<1>           |seg_out<2>     |    9.992|
b<1>           |seg_out<3>     |    9.799|
b<1>           |seg_out<4>     |   10.949|
b<1>           |seg_out<5>     |   10.162|
b<1>           |seg_out<6>     |    9.856|
b<1>           |seg_out<7>     |    9.413|
b<2>           |flag<0>        |    7.888|
b<2>           |flag<1>        |    8.553|
b<2>           |flag<2>        |    9.412|
b<2>           |seg_out<1>     |   11.018|
b<2>           |seg_out<2>     |    9.911|
b<2>           |seg_out<3>     |    9.718|
b<2>           |seg_out<4>     |   10.868|
b<2>           |seg_out<5>     |   10.081|
b<2>           |seg_out<6>     |    9.775|
b<2>           |seg_out<7>     |    9.332|
b<3>           |flag<0>        |    7.731|
b<3>           |flag<1>        |    7.988|
b<3>           |flag<2>        |    9.475|
b<3>           |seg_out<1>     |   11.215|
b<3>           |seg_out<2>     |   10.108|
b<3>           |seg_out<3>     |    9.915|
b<3>           |seg_out<4>     |   11.065|
b<3>           |seg_out<5>     |   10.278|
b<3>           |seg_out<6>     |    9.972|
b<3>           |seg_out<7>     |    9.529|
s<0>           |flag<0>        |    9.077|
s<0>           |flag<1>        |    9.089|
s<0>           |flag<2>        |   10.183|
s<0>           |seg_out<1>     |   11.560|
s<0>           |seg_out<2>     |   10.471|
s<0>           |seg_out<3>     |   10.260|
s<0>           |seg_out<4>     |   11.410|
s<0>           |seg_out<5>     |   10.623|
s<0>           |seg_out<6>     |   10.524|
s<0>           |seg_out<7>     |    9.959|
s<1>           |flag<0>        |    8.646|
s<1>           |flag<1>        |    8.869|
s<1>           |flag<2>        |   10.381|
s<1>           |seg_out<1>     |   12.022|
s<1>           |seg_out<2>     |   10.915|
s<1>           |seg_out<3>     |   10.722|
s<1>           |seg_out<4>     |   11.872|
s<1>           |seg_out<5>     |   11.085|
s<1>           |seg_out<6>     |   10.779|
s<1>           |seg_out<7>     |   10.336|
s<2>           |flag<0>        |    7.234|
s<2>           |flag<1>        |    7.564|
s<2>           |flag<2>        |    8.409|
s<2>           |seg_out<1>     |    9.763|
s<2>           |seg_out<2>     |    8.697|
s<2>           |seg_out<3>     |    8.494|
s<2>           |seg_out<4>     |    9.613|
s<2>           |seg_out<5>     |    8.826|
s<2>           |seg_out<6>     |    8.750|
s<2>           |seg_out<7>     |    8.468|
---------------+---------------+---------+


Analysis completed Tue Nov 07 14:11:14 2023 
--------------------------------------------------------------------------------

Trace Settings:
-------------------------
Trace Settings 

Peak Memory Usage: 5003 MB



